<?xml version="1.0" encoding="UTF-8"?>
<!-- Generated by org.testng.reporters.JUnitReportReporter -->
<testsuite skipped="0" hostname="DESKTOP-ACI7R7L" name="ParallelTest" tests="2" failures="0" timestamp="27 Jan 2023 11:41:49 GMT" time="23.191" errors="0">
  <testcase name="fireFox" time="14.157" classname="ParallelTest"/>
  <testcase name="chrome" time="9.034" classname="ParallelTest"/>
</testsuite> <!-- ParallelTest -->
