<?xml version="1.0" encoding="UTF-8"?>
<!-- Generated by org.testng.reporters.JUnitReportReporter -->
<testsuite skipped="0" hostname="DESKTOP-ACI7R7L" name="MultiBrowser" tests="2" failures="0" timestamp="27 Jan 2023 11:48:00 GMT" time="19.733" errors="0">
  <testcase name="test" time="10.141" classname="MultiBrowser"/>
  <testcase name="test" time="9.592" classname="MultiBrowser"/>
</testsuite> <!-- MultiBrowser -->
